\BOOKMARK [-1][-]{part.1}{\376\377\000I\000\040\000D\000e\000s\000c\000r\000i\000p\000t\000i\000v\000e\000\040\000t\000e\000c\000h\000n\000i\000q\000u\000e\000s\000\040\000a\000n\000d\000\040\000f\000o\000r\000e\000c\000a\000s\000t\000i\000n\000g\000\040\000a\000l\000g\000o\000r\000i\000t\000h\000m\000s}{}% 1
\BOOKMARK [0][-]{chapter.1}{\376\377\000C\000l\000a\000s\000s\000i\000c\000a\000l\000\040\000t\000i\000m\000e\000\040\000s\000e\000r\000i\000e\000s\000\040\000d\000e\000c\000o\000m\000p\000o\000s\000i\000t\000i\000o\000n}{part.1}% 2
\BOOKMARK [1][-]{section.1.1}{\376\377\000W\000h\000a\000t\000\040\000i\000s\000\040\000a\000\040\000t\000i\000m\000e\000\040\000s\000e\000r\000i\000e\000s\000?}{chapter.1}% 3
\BOOKMARK [2][-]{subsection.1.1.1}{\376\377\000D\000i\000f\000f\000e\000r\000e\000n\000t\000\040\000T\000y\000p\000e\000s\000\040\000o\000f\000\040\000D\000a\000t\000a}{section.1.1}% 4
\BOOKMARK [2][-]{subsection.1.1.2}{\376\377\000A\000i\000m\000s\000\040\000o\000f\000\040\000t\000i\000m\000e\000\040\000s\000e\000r\000i\000e\000s\000\040\000a\000n\000a\000l\000y\000s\000i\000s}{section.1.1}% 5
\BOOKMARK [1][-]{section.1.2}{\376\377\000E\000x\000p\000l\000o\000r\000a\000t\000o\000r\000y\000\040\000a\000n\000a\000l\000y\000s\000i\000s}{chapter.1}% 6
\BOOKMARK [2][-]{subsection.1.2.1}{\376\377\000C\000l\000a\000s\000s\000i\000c\000a\000l\000\040\000t\000i\000m\000e\000\040\000s\000e\000r\000i\000e\000s\000\040\000d\000e\000c\000o\000m\000p\000o\000s\000i\000t\000i\000o\000n}{section.1.2}% 7
\BOOKMARK [2][-]{subsection.1.2.2}{\376\377\000A\000d\000d\000i\000t\000i\000v\000e\000\040\000s\000e\000a\000s\000o\000n\000a\000l\000i\000t\000y\000\040\000a\000n\000d\000\040\000t\000r\000e\000n\000d}{section.1.2}% 8
\BOOKMARK [1][-]{section.1.3}{\376\377\000F\000i\000t\000t\000i\000n\000g\000\040\000a\000\040\000t\000r\000e\000n\000d}{chapter.1}% 9
\BOOKMARK [1][-]{section.1.4}{\376\377\000F\000i\000t\000t\000i\000n\000g\000\040\000a\000\040\000s\000e\000a\000s\000o\000n\000a\000l\000\040\000c\000o\000m\000p\000o\000n\000e\000n\000t}{chapter.1}% 10
\BOOKMARK [1][-]{section.1.5}{\376\377\000F\000i\000t\000t\000i\000n\000g\000\040\000t\000r\000e\000n\000d\000\040\000a\000n\000d\000\040\000s\000e\000a\000s\000o\000n\000a\000l\000\040\000c\000o\000m\000p\000o\000n\000e\000n\000t\000s}{chapter.1}% 11
\BOOKMARK [0][-]{chapter.2}{\376\377\000S\000i\000m\000p\000l\000e\000\040\000e\000x\000p\000o\000n\000e\000n\000t\000i\000a\000l\000\040\000s\000m\000o\000o\000t\000h\000i\000n\000g}{part.1}% 12
\BOOKMARK [1][-]{section.2.1}{\376\377\000F\000o\000r\000e\000c\000a\000s\000t\000i\000n\000g\000\040\000a\000l\000g\000o\000r\000i\000t\000h\000m\000s}{chapter.2}% 13
\BOOKMARK [1][-]{section.2.2}{\376\377\000S\000i\000m\000p\000l\000e\000\040\000e\000x\000p\000o\000n\000e\000n\000t\000i\000a\000l\000\040\000s\000m\000o\000o\000t\000h\000i\000n\000g}{chapter.2}% 14
\BOOKMARK [1][-]{section.2.3}{\376\377\000R\000e\000c\000u\000r\000s\000i\000v\000e\000\040\000f\000o\000r\000m}{chapter.2}% 15
\BOOKMARK [2][-]{subsection.2.3.1}{\376\377\000E\000r\000r\000o\000r\000\040\000c\000o\000r\000r\000e\000c\000t\000i\000o\000n\000\040\000f\000o\000r\000m}{section.2.3}% 16
\BOOKMARK [2][-]{subsection.2.3.2}{\376\377\000C\000h\000o\000o\000s\000i\000n\000g\000\040}{section.2.3}% 17
\BOOKMARK [2][-]{subsection.2.3.3}{\376\377\000P\000o\000p\000u\000l\000a\000r\000\040\000m\000e\000a\000s\000u\000r\000e\000s\000\040\000o\000f\000\040\000p\000r\000e\000d\000i\000c\000t\000i\000v\000e\000\040\000p\000e\000r\000f\000o\000r\000m\000a\000n\000c\000e}{section.2.3}% 18
\BOOKMARK [2][-]{subsection.2.3.4}{\376\377\000E\000x\000t\000e\000n\000s\000i\000o\000n\000s}{section.2.3}% 19
\BOOKMARK [1][-]{section.2.4}{\376\377\000F\000o\000r\000e\000c\000a\000s\000t\000\040\000f\000u\000n\000c\000t\000i\000o\000n}{chapter.2}% 20
\BOOKMARK [2][-]{subsection.2.4.1}{\376\377\000I\000n\000t\000u\000i\000t\000i\000o\000n\000:\000\040\000y\000t\000\040\000o\000n\000l\000y\000\040\000s\000h\000o\000w\000s\000\040\000a\000\040\000"\000l\000e\000v\000e\000l\000"}{section.2.4}% 21
\BOOKMARK [-1][-]{part.2}{\376\377\000I\000I\000\040\000P\000r\000o\000b\000a\000b\000i\000l\000i\000s\000t\000i\000c\000\040\000M\000o\000d\000e\000l\000s\000\040\000f\000o\000r\000\040\000T\000i\000m\000e\000\040\000S\000e\000r\000i\000e\000s\000\040\000A\000n\000a\000l\000y\000s\000i\000s}{}% 22
\BOOKMARK [0][-]{chapter.3}{\376\377\000I\000n\000t\000r\000o\000d\000.\000\040\000t\000o\000\040\000P\000r\000o\000b\000a\000b\000i\000l\000i\000s\000t\000i\000c\000\040\000M\000o\000d\000e\000l\000s}{part.2}% 23
\BOOKMARK [1][-]{section.3.1}{\376\377\000T\000i\000m\000e\000\040\000s\000e\000r\000i\000e\000s\000\040\000a\000s\000\040\000a\000\040\000s\000t\000o\000c\000h\000a\000s\000t\000i\000c\000\040\000p\000r\000o\000c\000e\000s\000s}{chapter.3}% 24
\BOOKMARK [2][-]{subsection.3.1.1}{\376\377\000W\000h\000a\000t\000\040\000i\000s\000\040\000a\000\040\000s\000t\000o\000c\000h\000a\000s\000t\000i\000c\000\040\000p\000r\000o\000c\000e\000s\000s\000?}{section.3.1}% 25
\BOOKMARK [1][-]{section.3.2}{\376\377\000S\000u\000m\000m\000a\000r\000i\000e\000s}{chapter.3}% 26
\BOOKMARK [1][-]{section.3.3}{\376\377\000S\000t\000a\000t\000i\000o\000n\000a\000r\000i\000t\000y}{chapter.3}% 27
\BOOKMARK [0][-]{chapter.4}{\376\377\000R\000a\000n\000d\000o\000m\000\040\000w\000a\000l\000k\000s}{part.2}% 28
\BOOKMARK [1][-]{section.4.1}{\376\377\000S\000i\000m\000p\000l\000e\000\040\000R\000a\000n\000d\000o\000m\000\040\000W\000a\000l\000k}{chapter.4}% 29
\BOOKMARK [0][-]{chapter.5}{\376\377\000M\000a\000r\000k\000o\000v\000\040\000p\000r\000o\000c\000e\000s\000s\000e\000s}{part.2}% 30
\BOOKMARK [1][-]{section.5.1}{\376\377\000M\000a\000r\000k\000o\000v\000\040\000c\000h\000a\000i\000n\000s}{chapter.5}% 31
\BOOKMARK [0][-]{chapter.6}{\376\377\000I\000n\000f\000e\000r\000e\000n\000c\000e\000\040\000f\000o\000r\000\040\000M\000a\000r\000k\000o\000v\000\040\000c\000h\000a\000i\000n\000s}{part.2}% 32
\BOOKMARK [0][-]{chapter.7}{\376\377\000S\000t\000a\000t\000i\000o\000n\000a\000r\000y\000\040\000t\000i\000m\000e\000\040\000s\000e\000r\000i\000e\000s\000:\000\040\000A\000R\000M\000A\000\040\000m\000o\000d\000e\000l\000s\000\040\000I}{part.2}% 33
\BOOKMARK [0][-]{chapter.8}{\376\377\000S\000t\000a\000t\000i\000o\000n\000a\000r\000y\000\040\000t\000i\000m\000e\000\040\000s\000e\000r\000i\000e\000s\000:\000\040\000A\000R\000M\000A\000\040\000m\000o\000d\000e\000l\000s\000\040\000I\000I}{part.2}% 34
\BOOKMARK [1][-]{section.8.1}{\376\377\000Q\000u\000i\000c\000k\000\040\000o\000v\000e\000r\000v\000i\000e\000w\000\040\000o\000f\000\040\000A\000R\000M\000A\000\040\000m\000o\000d\000e\000l\000s}{chapter.8}% 35
\BOOKMARK [2][-]{subsection.8.1.1}{\376\377\000F\000o\000r\000\040\000S\000t\000a\000t\000i\000o\000n\000a\000r\000y\000\040\000T\000i\000m\000e\000\040\000S\000e\000r\000i\000e\000s}{section.8.1}% 36
\BOOKMARK [2][-]{subsection.8.1.2}{\376\377\000F\000o\000r\000\040\000N\000o\000n\000-\000S\000t\000a\000t\000i\000o\000n\000a\000r\000y\000\040\000T\000i\000m\000e\000\040\000S\000e\000r\000i\000e\000s}{section.8.1}% 37
\BOOKMARK [1][-]{section.8.2}{\376\377\000A\000R\000M\000A\000\050\000p\000,\000q\000\051\000\040\000M\000o\000d\000e\000l\000s\000\040\000f\000o\000r\000\040\000S\000t\000a\000t\000i\000o\000n\000a\000r\000y\000\040\000T\000i\000m\000e\000\040\000S\000e\000r\000i\000e\000s}{chapter.8}% 38
\BOOKMARK [2][-]{subsection.8.2.1}{\376\377\000A\000R\000\050\0001\000\051\000\040\000a\000u\000t\000o\000r\000e\000g\000r\000e\000s\000s\000i\000v\000e\000\040\000p\000r\000o\000c\000e\000s\000s\000\040\000o\000f\000\040\000o\000r\000d\000e\000r\000\040\0001}{section.8.2}% 39
\BOOKMARK [2][-]{subsection.8.2.2}{\376\377\000A\000R\000\050\000p\000\051\000\040\000a\000u\000t\000o\000r\000e\000g\000r\000e\000s\000s\000i\000v\000e\000\040\000p\000r\000o\000c\000e\000s\000s\000\040\000o\000f\000\040\000o\000r\000d\000e\000r\000\040\000p}{section.8.2}% 40
\BOOKMARK [2][-]{subsection.8.2.3}{\376\377\000M\000A\000\050\000q\000\051\000\040\000m\000o\000v\000i\000n\000g\000\040\000a\000v\000e\000r\000a\000g\000e\000\040\000p\000r\000o\000c\000e\000s\000s\000\040\000o\000f\000\040\000o\000r\000d\000e\000r\000\040\000q}{section.8.2}% 41
\BOOKMARK [1][-]{section.8.3}{\376\377\000A\000R\000M\000A\000\050\000p\000,\000q\000\051\000\040\000P\000r\000o\000c\000e\000s\000s}{chapter.8}% 42
\BOOKMARK [2][-]{subsection.8.3.1}{\376\377\000F\000i\000t\000t\000i\000n\000g\000\040\000a\000n\000d\000\040\000A\000R\000M\000A\000\040\000m\000o\000d\000e\000l\000:\000\040\000t\000h\000e\000\040\000B\000o\000x\000-\000J\000e\000n\000k\000i\000n\000s\000\040\000a\000p\000p\000r\000o\000a\000c\000h}{section.8.3}% 43
\BOOKMARK [-1][-]{part.3}{\376\377\000I\000I\000I\000\040\000I\000n\000f\000e\000r\000e\000n\000c\000e\000\040\000f\000o\000r\000\040\000N\000o\000n\000-\000S\000t\000a\000t\000i\000o\000n\000a\000r\000y\000\040\000T\000i\000m\000e\000\040\000S\000e\000r\000i\000e\000s}{}% 44
\BOOKMARK [0][-]{chapter.9}{\376\377\000H\000i\000d\000d\000e\000n\000\040\000M\000a\000r\000k\000o\000v\000\040\000M\000o\000d\000e\000l\000s\000\040\000\050\000H\000M\000M\000s\000\051}{part.3}% 45
\BOOKMARK [-1][-]{part.4}{\376\377\000I\000V\000\040\000S\000t\000a\000t\000e\000-\000S\000p\000a\000c\000e\000\040\000M\000o\000d\000e\000l\000s\000\040\000\050\000S\000S\000M\000s\000\051\000\040\000f\000o\000r\000\040\000T\000i\000m\000e\000\040\000S\000e\000r\000i\000e\000s\000\040\000A\000n\000a\000l\000y\000s\000i\000s}{}% 46
\BOOKMARK [0][-]{chapter.10}{\376\377\000S\000t\000a\000t\000e\000-\000s\000p\000a\000c\000e\000\040\000m\000o\000d\000e\000l\000s}{part.4}% 47
\BOOKMARK [0][-]{chapter.11}{\376\377\000A\000p\000p\000l\000y\000i\000n\000g\000\040\000S\000S\000M\000s}{part.4}% 48
\BOOKMARK [0][-]{chapter.12}{\376\377\000B\000a\000s\000i\000c\000\040\000n\000o\000t\000i\000o\000n\000s\000\040\000o\000f\000\040\000B\000a\000y\000e\000s\000i\000a\000n\000\040\000i\000n\000f\000e\000r\000e\000n\000c\000e\000\040\000I}{part.4}% 49
\BOOKMARK [0][-]{chapter.13}{\376\377\000B\000a\000s\000i\000c\000\040\000n\000o\000t\000i\000o\000n\000s\000\040\000o\000f\000\040\000B\000a\000y\000e\000s\000i\000a\000n\000\040\000i\000n\000f\000e\000r\000e\000n\000c\000e\000\040\000I\000I}{part.4}% 50
\BOOKMARK [0][-]{chapter.14}{\376\377\000K\000a\000l\000m\000a\000n\000\040\000f\000i\000l\000t\000e\000r\000\040\000f\000o\000r\000\040\000D\000L\000M\000s\000\040\000I}{part.4}% 51
\BOOKMARK [0][-]{chapter.15}{\376\377\000K\000a\000l\000m\000a\000n\000\040\000f\000i\000l\000t\000e\000r\000\040\000f\000o\000r\000\040\000D\000L\000M\000s\000\040\000I\000I}{part.4}% 52
\BOOKMARK [0][-]{chapter.16}{\376\377\000S\000m\000o\000o\000t\000h\000i\000n\000g\000,\000\040\000f\000o\000r\000e\000c\000a\000s\000t\000i\000n\000g\000,\000\040\000m\000o\000d\000e\000l\000\040\000c\000h\000e\000c\000k\000i\000n\000g\000\040\000I}{part.4}% 53
\BOOKMARK [0][-]{chapter.17}{\376\377\000S\000m\000o\000o\000t\000h\000i\000n\000g\000,\000\040\000f\000o\000r\000e\000c\000a\000s\000t\000i\000n\000g\000,\000\040\000m\000o\000d\000e\000l\000\040\000c\000h\000e\000c\000k\000i\000n\000g\000\040\000I\000I}{part.4}% 54
\BOOKMARK [0][-]{chapter.18}{\376\377\000D\000L\000M\000s\000\040\000w\000i\000t\000h\000\040\000u\000n\000k\000n\000o\000w\000n\000\040\000p\000a\000r\000a\000m\000e\000t\000e\000r\000s\000:\000\040\000M\000L\000E}{part.4}% 55
\BOOKMARK [0][-]{chapter.19}{\376\377\000M\000o\000d\000e\000l\000i\000n\000g\000\040\000t\000i\000m\000e\000\040\000s\000e\000r\000i\000e\000s\000\040\000w\000i\000t\000h\000\040\000D\000L\000M\000s\000:\000\040\000e\000x\000a\000m\000p\000l\000e\000s\000\040\000I}{part.4}% 56
\BOOKMARK [0][-]{chapter.20}{\376\377\000M\000o\000d\000e\000l\000i\000n\000g\000\040\000t\000i\000m\000e\000\040\000s\000e\000r\000i\000e\000s\000\040\000w\000i\000t\000h\000\040\000D\000L\000M\000s\000:\000\040\000e\000x\000a\000m\000p\000l\000e\000s\000\040\000I\000I}{part.4}% 57
\BOOKMARK [0][-]{chapter.21}{\376\377\000D\000L\000M\000s\000\040\000f\000o\000r\000\040\000s\000p\000a\000t\000i\000o\000-\000t\000e\000m\000p\000o\000r\000a\000l\000\040\000d\000a\000t\000a\000\040\000I}{part.4}% 58
\BOOKMARK [0][-]{chapter.22}{\376\377\000D\000L\000M\000s\000\040\000f\000o\000r\000\040\000s\000p\000a\000t\000i\000o\000-\000t\000e\000m\000p\000o\000r\000a\000l\000\040\000d\000a\000t\000a\000\040\000I\000I}{part.4}% 59
\BOOKMARK [0][-]{chapter.23}{\376\377\000B\000a\000y\000e\000s\000i\000a\000n\000\040\000i\000n\000f\000e\000r\000e\000n\000c\000e\000\040\000f\000o\000r\000\040\000D\000L\000M\000s}{part.4}% 60
